2021-04-26 09:25:54.352  INFO 1747 --- [main] com.example.forum.ForumApplicationTests  : Starting ForumApplicationTests using Java 1.8.0_292 on 10-23-20-230 with PID 1747 (started by root in /root/forum.mawen)
2021-04-26 09:25:54.409  INFO 1747 --- [main] com.example.forum.ForumApplicationTests  : No active profile set, falling back to default profiles: default
2021-04-26 09:26:02.206  WARN 1747 --- [main] o.s.h.c.j.Jackson2ObjectMapperBuilder    : For Jackson Kotlin classes support please add "com.fasterxml.jackson.module:jackson-module-kotlin" to the classpath
2021-04-26 09:26:02.600  INFO 1747 --- [main] o.s.s.concurrent.ThreadPoolTaskExecutor  : Initializing ExecutorService 'applicationTaskExecutor'
2021-04-26 09:26:02.959  INFO 1747 --- [main] o.s.b.a.w.s.WelcomePageHandlerMapping    : Adding welcome page template: index
2021-04-26 09:26:04.112  INFO 1747 --- [main] com.example.forum.ForumApplicationTests  : Started ForumApplicationTests in 10.545 seconds (JVM running for 13.346)
2021-04-26 09:26:09.041  INFO 1747 --- [SpringContextShutdownHook] o.s.s.concurrent.ThreadPoolTaskExecutor  : Shutting down ExecutorService 'applicationTaskExecutor'
2021-04-26 10:17:23.288  INFO 2061 --- [main] com.example.forum.ForumApplicationTests  : Starting ForumApplicationTests using Java 1.8.0_292 on 10-23-20-230 with PID 2061 (started by root in /root/forum.mawen)
2021-04-26 10:17:23.291  INFO 2061 --- [main] com.example.forum.ForumApplicationTests  : No active profile set, falling back to default profiles: default
2021-04-26 10:17:28.502  WARN 2061 --- [main] o.s.h.c.j.Jackson2ObjectMapperBuilder    : For Jackson Kotlin classes support please add "com.fasterxml.jackson.module:jackson-module-kotlin" to the classpath
2021-04-26 10:17:28.822  INFO 2061 --- [main] o.s.s.concurrent.ThreadPoolTaskExecutor  : Initializing ExecutorService 'applicationTaskExecutor'
2021-04-26 10:17:29.117  INFO 2061 --- [main] o.s.b.a.w.s.WelcomePageHandlerMapping    : Adding welcome page template: index
2021-04-26 10:17:30.051  INFO 2061 --- [main] com.example.forum.ForumApplicationTests  : Started ForumApplicationTests in 7.352 seconds (JVM running for 9.001)
2021-04-26 10:17:34.248  INFO 2061 --- [SpringContextShutdownHook] o.s.s.concurrent.ThreadPoolTaskExecutor  : Shutting down ExecutorService 'applicationTaskExecutor'
2021-04-26 10:22:45.690  INFO 2189 --- [main] com.example.forum.ForumApplicationTests  : Starting ForumApplicationTests using Java 1.8.0_292 on 10-23-20-230 with PID 2189 (started by root in /root/forum.mawen)
2021-04-26 10:22:45.693  INFO 2189 --- [main] com.example.forum.ForumApplicationTests  : No active profile set, falling back to default profiles: default
2021-04-26 10:22:50.848  WARN 2189 --- [main] o.s.h.c.j.Jackson2ObjectMapperBuilder    : For Jackson Kotlin classes support please add "com.fasterxml.jackson.module:jackson-module-kotlin" to the classpath
2021-04-26 10:22:51.141  INFO 2189 --- [main] o.s.s.concurrent.ThreadPoolTaskExecutor  : Initializing ExecutorService 'applicationTaskExecutor'
2021-04-26 10:22:51.481  INFO 2189 --- [main] o.s.b.a.w.s.WelcomePageHandlerMapping    : Adding welcome page template: index
2021-04-26 10:22:52.374  INFO 2189 --- [main] com.example.forum.ForumApplicationTests  : Started ForumApplicationTests in 7.303 seconds (JVM running for 9.146)
2021-04-26 10:22:56.529  INFO 2189 --- [SpringContextShutdownHook] o.s.s.concurrent.ThreadPoolTaskExecutor  : Shutting down ExecutorService 'applicationTaskExecutor'
